2018-05-17 13:44:44 INFO  Car - Speed:   0.0; Angle:   0.0; Position:  2,17; Key:  4; Health: 100.0; Tile: START
2018-05-17 13:44:44 INFO  Car - Speed:   0.0; Angle:   0.0; Position:  2,17; Key:  4; Health: 100.0; Tile: START
2018-05-17 13:44:44 INFO  Car - Speed:   0.1; Angle:   0.0; Position:  2,17; Key:  4; Health: 100.0; Tile: START
2018-05-17 13:44:44 INFO  Car - Speed:   0.1; Angle:   0.0; Position:  2,17; Key:  4; Health: 100.0; Tile: START
2018-05-17 13:44:44 INFO  Car - Speed:   0.1; Angle:   0.0; Position:  2,17; Key:  4; Health: 100.0; Tile: START
2018-05-17 13:44:44 INFO  Car - Speed:   0.2; Angle:   0.0; Position:  2,17; Key:  4; Health: 100.0; Tile: START
2018-05-17 13:44:44 INFO  Car - Speed:   0.2; Angle:   0.0; Position:  2,17; Key:  4; Health: 100.0; Tile: START
2018-05-17 13:44:44 INFO  Car - Speed:   0.2; Angle:   0.0; Position:  2,17; Key:  4; Health: 100.0; Tile: START
2018-05-17 13:44:44 INFO  Car - Speed:   0.3; Angle:   0.0; Position:  2,17; Key:  4; Health: 100.0; Tile: START
2018-05-17 13:44:44 INFO  Car - Speed:   0.3; Angle:   0.0; Position:  2,17; Key:  4; Health: 100.0; Tile: START
2018-05-17 13:44:44 INFO  Car - Speed:   0.3; Angle:   0.0; Position:  2,17; Key:  4; Health: 100.0; Tile: START
2018-05-17 13:44:44 INFO  Car - Speed:   0.4; Angle:   0.0; Position:  2,17; Key:  4; Health: 100.0; Tile: START
2018-05-17 13:44:44 INFO  Car - Speed:   0.4; Angle:   0.0; Position:  2,17; Key:  4; Health: 100.0; Tile: START
2018-05-17 13:44:44 INFO  Car - Speed:   0.4; Angle:   0.0; Position:  2,17; Key:  4; Health: 100.0; Tile: START
2018-05-17 13:44:44 INFO  Car - Speed:   0.5; Angle:   0.0; Position:  2,17; Key:  4; Health: 100.0; Tile: START
2018-05-17 13:44:44 INFO  Car - Speed:   0.5; Angle:   0.0; Position:  2,17; Key:  4; Health: 100.0; Tile: START
2018-05-17 13:44:44 INFO  Car - Speed:   0.5; Angle:   0.0; Position:  2,17; Key:  4; Health: 100.0; Tile: START
2018-05-17 13:44:44 INFO  Car - Speed:   0.6; Angle:   0.0; Position:  2,17; Key:  4; Health: 100.0; Tile: START
2018-05-17 13:44:44 INFO  Car - Speed:   0.6; Angle:   0.0; Position:  2,17; Key:  4; Health: 100.0; Tile: START
2018-05-17 13:44:44 INFO  Car - Speed:   0.6; Angle:   0.0; Position:  2,17; Key:  4; Health: 100.0; Tile: START
2018-05-17 13:44:44 INFO  Car - Speed:   0.7; Angle:   0.0; Position:  2,17; Key:  4; Health: 100.0; Tile: START
2018-05-17 13:44:44 INFO  Car - Speed:   0.7; Angle:   0.0; Position:  2,17; Key:  4; Health: 100.0; Tile: START
2018-05-17 13:44:44 INFO  Car - Speed:   0.7; Angle:   0.0; Position:  2,17; Key:  4; Health: 100.0; Tile: START
2018-05-17 13:44:44 INFO  Car - Speed:   0.8; Angle:   0.0; Position:  2,17; Key:  4; Health: 100.0; Tile: START
2018-05-17 13:44:44 INFO  Car - Speed:   0.8; Angle:   0.0; Position:  2,17; Key:  4; Health: 100.0; Tile: START
2018-05-17 13:44:44 INFO  Car - Speed:   0.8; Angle:   0.0; Position:  2,17; Key:  4; Health: 100.0; Tile: START
2018-05-17 13:44:44 INFO  Car - Speed:   0.9; Angle:   0.0; Position:  2,17; Key:  4; Health: 100.0; Tile: START
2018-05-17 13:44:45 INFO  Car - Speed:   0.9; Angle:   0.0; Position:  2,17; Key:  4; Health: 100.0; Tile: START
2018-05-17 13:44:45 INFO  Car - Speed:   0.9; Angle:   0.0; Position:  2,17; Key:  4; Health: 100.0; Tile: START
2018-05-17 13:44:45 INFO  Car - Speed:   1.0; Angle:   0.0; Position:  2,17; Key:  4; Health: 100.0; Tile: START
2018-05-17 13:44:45 INFO  Car - Speed:   1.0; Angle:   0.0; Position:  2,17; Key:  4; Health: 100.0; Tile: START
2018-05-17 13:44:45 INFO  Car - Speed:   1.0; Angle:   0.0; Position:  2,17; Key:  4; Health: 100.0; Tile: START
2018-05-17 13:44:45 INFO  Car - Speed:   1.1; Angle:   0.0; Position:  2,17; Key:  4; Health: 100.0; Tile: START
2018-05-17 13:44:45 INFO  Car - Speed:   1.1; Angle:   0.0; Position:  2,17; Key:  4; Health: 100.0; Tile: START
2018-05-17 13:44:45 INFO  Car - Speed:   1.1; Angle:   0.0; Position:  2,17; Key:  4; Health: 100.0; Tile: START
2018-05-17 13:44:45 INFO  Car - Speed:   1.2; Angle:   0.0; Position:  2,17; Key:  4; Health: 100.0; Tile: START
2018-05-17 13:44:45 INFO  Car - Speed:   1.2; Angle:   0.0; Position:  3,17; Key:  4; Health: 100.0; Tile: ROAD
2018-05-17 13:44:45 INFO  Car - Speed:   1.2; Angle:   0.0; Position:  3,17; Key:  4; Health: 100.0; Tile: ROAD
2018-05-17 13:44:45 INFO  Car - Speed:   1.3; Angle:   0.0; Position:  3,17; Key:  4; Health: 100.0; Tile: ROAD
2018-05-17 13:44:45 INFO  Car - Speed:   1.3; Angle:   0.0; Position:  3,17; Key:  4; Health: 100.0; Tile: ROAD
2018-05-17 13:44:45 INFO  Car - Speed:   1.3; Angle:   0.0; Position:  3,17; Key:  4; Health: 100.0; Tile: ROAD
2018-05-17 13:44:45 INFO  Car - Speed:   1.4; Angle:   0.0; Position:  3,17; Key:  4; Health: 100.0; Tile: ROAD
2018-05-17 13:44:45 INFO  Car - Speed:   1.4; Angle:   0.0; Position:  3,17; Key:  4; Health: 100.0; Tile: ROAD
2018-05-17 13:44:45 INFO  Car - Speed:   1.4; Angle:   0.0; Position:  3,17; Key:  4; Health: 100.0; Tile: ROAD
2018-05-17 13:44:45 INFO  Car - Speed:   1.5; Angle:   0.0; Position:  3,17; Key:  4; Health: 100.0; Tile: ROAD
2018-05-17 13:44:45 INFO  Car - Speed:   1.5; Angle:   0.0; Position:  3,17; Key:  4; Health: 100.0; Tile: ROAD
2018-05-17 13:44:45 INFO  Car - Speed:   1.5; Angle:   0.0; Position:  3,17; Key:  4; Health: 100.0; Tile: ROAD
2018-05-17 13:44:45 INFO  Car - Speed:   1.6; Angle:   0.0; Position:  3,17; Key:  4; Health: 100.0; Tile: ROAD
2018-05-17 13:44:45 INFO  Car - Speed:   1.6; Angle:   0.0; Position:  3,17; Key:  4; Health: 100.0; Tile: ROAD
2018-05-17 13:44:45 INFO  Car - Speed:   1.6; Angle:   0.0; Position:  3,17; Key:  4; Health: 100.0; Tile: ROAD
2018-05-17 13:44:45 INFO  Car - Speed:   1.7; Angle:   0.0; Position:  3,17; Key:  4; Health: 100.0; Tile: ROAD
2018-05-17 13:44:45 INFO  Car - Speed:   1.7; Angle:   0.0; Position:  3,17; Key:  4; Health: 100.0; Tile: ROAD
2018-05-17 13:44:45 INFO  Car - Speed:   1.7; Angle:   0.0; Position:  3,17; Key:  4; Health: 100.0; Tile: ROAD
2018-05-17 13:44:45 INFO  Car - Speed:   1.8; Angle:   0.0; Position:  3,17; Key:  4; Health: 100.0; Tile: ROAD
2018-05-17 13:44:45 INFO  Car - Speed:   1.8; Angle:   0.0; Position:  3,17; Key:  4; Health: 100.0; Tile: ROAD
2018-05-17 13:44:45 INFO  Car - Speed:   1.8; Angle:   0.0; Position:  3,17; Key:  4; Health: 100.0; Tile: ROAD
2018-05-17 13:44:45 INFO  Car - Speed:   1.9; Angle:   0.0; Position:  3,17; Key:  4; Health: 100.0; Tile: ROAD
2018-05-17 13:44:45 INFO  Car - Speed:   1.9; Angle:   0.0; Position:  3,17; Key:  4; Health: 100.0; Tile: ROAD
2018-05-17 13:44:45 INFO  Car - Speed:   1.9; Angle:   0.0; Position:  3,17; Key:  4; Health: 100.0; Tile: ROAD
2018-05-17 13:44:45 INFO  Car - Speed:   2.0; Angle:   0.0; Position:  3,17; Key:  4; Health: 100.0; Tile: ROAD
2018-05-17 13:44:45 INFO  Car - Speed:   2.0; Angle:   0.0; Position:  3,17; Key:  4; Health: 100.0; Tile: ROAD
2018-05-17 13:44:45 INFO  Car - Speed:   2.0; Angle:   0.0; Position:  3,17; Key:  4; Health: 100.0; Tile: ROAD
2018-05-17 13:44:45 INFO  Car - Speed:   2.1; Angle:   0.0; Position:  3,17; Key:  4; Health: 100.0; Tile: ROAD
2018-05-17 13:44:45 INFO  Car - Speed:   2.1; Angle:   0.0; Position:  4,17; Key:  4; Health: 100.0; Tile: ROAD
2018-05-17 13:44:45 INFO  Car - Speed:   2.1; Angle:   0.0; Position:  4,17; Key:  4; Health: 100.0; Tile: ROAD
2018-05-17 13:44:45 INFO  Car - Speed:   2.2; Angle:   0.0; Position:  4,17; Key:  4; Health: 100.0; Tile: ROAD
2018-05-17 13:44:45 INFO  Car - Speed:   2.2; Angle:   0.0; Position:  4,17; Key:  4; Health: 100.0; Tile: ROAD
2018-05-17 13:44:45 INFO  Car - Speed:   2.2; Angle:   0.0; Position:  4,17; Key:  4; Health: 100.0; Tile: ROAD
2018-05-17 13:44:45 INFO  Car - Speed:   2.3; Angle:   0.0; Position:  4,17; Key:  4; Health: 100.0; Tile: ROAD
2018-05-17 13:44:45 INFO  Car - Speed:   2.3; Angle:   0.0; Position:  4,17; Key:  4; Health: 100.0; Tile: ROAD
2018-05-17 13:44:45 INFO  Car - Speed:   2.3; Angle:   0.0; Position:  4,17; Key:  4; Health: 100.0; Tile: ROAD
2018-05-17 13:44:45 INFO  Car - Speed:   2.4; Angle:   0.0; Position:  4,17; Key:  4; Health: 100.0; Tile: ROAD
2018-05-17 13:44:45 INFO  Car - Speed:   2.4; Angle:   0.0; Position:  4,17; Key:  4; Health: 100.0; Tile: ROAD
2018-05-17 13:44:46 INFO  Car - Speed:   2.4; Angle:   0.0; Position:  4,17; Key:  4; Health: 100.0; Tile: ROAD
2018-05-17 13:44:46 INFO  Car - Speed:   2.5; Angle:   0.0; Position:  4,17; Key:  4; Health: 100.0; Tile: ROAD
2018-05-17 13:44:46 INFO  Car - Speed:   2.5; Angle:   0.0; Position:  4,17; Key:  4; Health: 100.0; Tile: ROAD
2018-05-17 13:44:46 INFO  Car - Speed:   2.5; Angle:   0.0; Position:  4,17; Key:  4; Health: 100.0; Tile: ROAD
2018-05-17 13:44:46 INFO  Car - Speed:   2.6; Angle:   0.0; Position:  4,17; Key:  4; Health: 100.0; Tile: ROAD
2018-05-17 13:44:46 INFO  Car - Speed:   2.6; Angle:   0.0; Position:  4,17; Key:  4; Health: 100.0; Tile: ROAD
2018-05-17 13:44:46 INFO  Car - Speed:   2.6; Angle:   0.0; Position:  4,17; Key:  4; Health: 100.0; Tile: ROAD
2018-05-17 13:44:46 INFO  Car - Speed:   2.7; Angle:   0.0; Position:  4,17; Key:  4; Health: 100.0; Tile: ROAD
2018-05-17 13:44:46 INFO  Car - Speed:   2.7; Angle:   0.0; Position:  4,17; Key:  4; Health: 100.0; Tile: ROAD
2018-05-17 13:44:46 INFO  Car - Speed:   2.7; Angle:   0.0; Position:  5,17; Key:  4; Health: 100.0; Tile: ROAD
2018-05-17 13:44:46 INFO  Car - Speed:   2.8; Angle:   0.0; Position:  5,17; Key:  4; Health: 100.0; Tile: ROAD
2018-05-17 13:44:46 INFO  Car - Speed:   2.8; Angle:   0.0; Position:  5,17; Key:  4; Health: 100.0; Tile: ROAD
2018-05-17 13:44:46 INFO  Car - Speed:   2.8; Angle:   0.0; Position:  5,17; Key:  4; Health: 100.0; Tile: ROAD
2018-05-17 13:44:46 INFO  Car - Speed:   2.9; Angle:   0.0; Position:  5,17; Key:  4; Health: 100.0; Tile: ROAD
2018-05-17 13:44:46 INFO  Car - Speed:   2.9; Angle:   0.0; Position:  5,17; Key:  4; Health: 100.0; Tile: ROAD
2018-05-17 13:44:46 INFO  Car - Speed:   2.9; Angle:   0.0; Position:  5,17; Key:  4; Health: 100.0; Tile: ROAD
2018-05-17 13:44:46 INFO  Car - Speed:   3.0; Angle:   0.0; Position:  5,17; Key:  4; Health: 100.0; Tile: ROAD
2018-05-17 13:44:46 INFO  Car - Speed:   3.0; Angle:   0.0; Position:  5,17; Key:  4; Health: 100.0; Tile: ROAD
2018-05-17 13:44:46 INFO  Car - Speed:   3.0; Angle:   0.0; Position:  5,17; Key:  4; Health: 100.0; Tile: ROAD
2018-05-17 13:44:46 INFO  Car - Speed:   3.0; Angle:   0.0; Position:  5,17; Key:  4; Health: 100.0; Tile: ROAD
2018-05-17 13:44:46 INFO  Car - Speed:   3.0; Angle:   0.0; Position:  5,17; Key:  4; Health: 100.0; Tile: ROAD
2018-05-17 13:44:46 INFO  Car - Speed:   3.0; Angle:   0.0; Position:  5,17; Key:  4; Health: 100.0; Tile: ROAD
2018-05-17 13:44:46 INFO  Car - Speed:   3.0; Angle:   0.0; Position:  5,17; Key:  4; Health: 100.0; Tile: ROAD
2018-05-17 13:44:46 INFO  Car - Speed:   3.0; Angle:   0.0; Position:  5,17; Key:  4; Health: 100.0; Tile: ROAD
2018-05-17 13:44:46 INFO  Car - Speed:   3.0; Angle:   0.0; Position:  6,17; Key:  4; Health: 100.0; Tile: ROAD
2018-05-17 13:44:46 INFO  Car - Speed:   3.0; Angle:   0.0; Position:  6,17; Key:  4; Health: 100.0; Tile: ROAD
2018-05-17 13:44:46 INFO  Car - Speed:   3.0; Angle:   0.0; Position:  6,17; Key:  4; Health: 100.0; Tile: ROAD
2018-05-17 13:44:46 INFO  Car - Speed:   3.0; Angle:   0.0; Position:  6,17; Key:  4; Health: 100.0; Tile: ROAD
2018-05-17 13:44:46 INFO  Car - Speed:   3.0; Angle:   0.0; Position:  6,17; Key:  4; Health: 100.0; Tile: ROAD
2018-05-17 13:44:46 INFO  Car - Speed:   3.0; Angle:   0.0; Position:  6,17; Key:  4; Health: 100.0; Tile: ROAD
2018-05-17 13:44:46 INFO  Car - Speed:   3.0; Angle:   0.0; Position:  6,17; Key:  4; Health: 100.0; Tile: ROAD
2018-05-17 13:44:46 INFO  Car - Speed:   3.0; Angle:   0.0; Position:  6,17; Key:  4; Health: 100.0; Tile: ROAD
2018-05-17 13:44:46 INFO  Car - Speed:   3.0; Angle:   0.0; Position:  6,17; Key:  4; Health: 100.0; Tile: ROAD
2018-05-17 13:44:46 INFO  Car - Speed:   3.0; Angle:   0.0; Position:  6,17; Key:  4; Health: 100.0; Tile: ROAD
2018-05-17 13:44:46 INFO  Car - Speed:   3.0; Angle:   0.0; Position:  6,17; Key:  4; Health: 100.0; Tile: ROAD
2018-05-17 13:44:46 INFO  Car - Speed:   3.0; Angle:   0.0; Position:  6,17; Key:  4; Health: 100.0; Tile: ROAD
2018-05-17 13:44:46 INFO  Car - Speed:   3.0; Angle:   0.0; Position:  6,17; Key:  4; Health: 100.0; Tile: ROAD
2018-05-17 13:44:46 INFO  Car - Speed:   3.0; Angle:   0.0; Position:  6,17; Key:  4; Health: 100.0; Tile: ROAD
2018-05-17 13:44:46 INFO  Car - Speed:   3.0; Angle:   0.0; Position:  6,17; Key:  4; Health: 100.0; Tile: ROAD
2018-05-17 13:44:46 INFO  Car - Speed:   3.0; Angle:   0.0; Position:  7,17; Key:  4; Health: 100.0; Tile: ROAD
2018-05-17 13:44:46 INFO  Car - Speed:   3.0; Angle:   0.0; Position:  7,17; Key:  4; Health: 100.0; Tile: ROAD
2018-05-17 13:44:46 INFO  Car - Speed:   3.0; Angle: 356.7; Position:  7,17; Key:  4; Health: 100.0; Tile: ROAD
2018-05-17 13:44:46 INFO  Car - Speed:   3.0; Angle: 353.3; Position:  7,17; Key:  4; Health: 100.0; Tile: ROAD
2018-05-17 13:44:46 INFO  Car - Speed:   3.0; Angle: 350.0; Position:  7,17; Key:  4; Health: 100.0; Tile: ROAD
2018-05-17 13:44:46 INFO  Car - Speed:   3.0; Angle: 346.7; Position:  7,17; Key:  4; Health: 100.0; Tile: ROAD
2018-05-17 13:44:47 INFO  Car - Speed:   3.0; Angle: 343.3; Position:  7,17; Key:  4; Health: 100.0; Tile: ROAD
2018-05-17 13:44:47 INFO  Car - Speed:   3.0; Angle: 340.0; Position:  7,17; Key:  4; Health: 100.0; Tile: ROAD
2018-05-17 13:44:47 INFO  Car - Speed:   2.9; Angle: 336.7; Position:  7,17; Key:  4; Health: 100.0; Tile: ROAD
2018-05-17 13:44:47 INFO  Car - Speed:   2.9; Angle: 333.3; Position:  7,17; Key:  4; Health: 100.0; Tile: ROAD
2018-05-17 13:44:47 INFO  Car - Speed:   2.9; Angle: 330.0; Position:  7,17; Key:  4; Health: 100.0; Tile: ROAD
2018-05-17 13:44:47 INFO  Car - Speed:   2.9; Angle: 326.7; Position:  7,17; Key:  4; Health: 100.0; Tile: ROAD
2018-05-17 13:44:47 INFO  Car - Speed:   2.9; Angle: 323.3; Position:  7,17; Key:  4; Health: 100.0; Tile: ROAD
2018-05-17 13:44:47 INFO  Car - Speed:   2.9; Angle: 320.0; Position:  7,17; Key:  4; Health: 100.0; Tile: ROAD
2018-05-17 13:44:47 INFO  Car - Speed:   2.9; Angle: 316.7; Position:  7,17; Key:  4; Health: 100.0; Tile: ROAD
2018-05-17 13:44:47 INFO  Car - Speed:   2.9; Angle: 313.3; Position:  7,17; Key:  4; Health: 100.0; Tile: ROAD
2018-05-17 13:44:47 INFO  Car - Speed:   2.9; Angle: 310.0; Position:  7,17; Key:  4; Health: 100.0; Tile: ROAD
2018-05-17 13:44:47 INFO  Car - Speed:   2.8; Angle: 306.7; Position:  7,17; Key:  4; Health: 100.0; Tile: ROAD
2018-05-17 13:44:47 INFO  Car - Speed:   2.8; Angle: 303.3; Position:  8,16; Key:  4; Health: 100.0; Tile: ROAD
2018-05-17 13:44:47 INFO  Car - Speed:   2.8; Angle: 300.0; Position:  8,16; Key:  4; Health: 100.0; Tile: ROAD
2018-05-17 13:44:47 INFO  Car - Speed:   2.8; Angle: 296.7; Position:  8,16; Key:  4; Health: 100.0; Tile: ROAD
2018-05-17 13:44:47 INFO  Car - Speed:   2.8; Angle: 293.3; Position:  8,16; Key:  4; Health: 100.0; Tile: ROAD
2018-05-17 13:44:47 INFO  Car - Speed:   2.8; Angle: 290.0; Position:  8,16; Key:  4; Health: 100.0; Tile: ROAD
2018-05-17 13:44:47 INFO  Car - Speed:   2.8; Angle: 286.7; Position:  8,16; Key:  4; Health: 100.0; Tile: ROAD
2018-05-17 13:44:47 INFO  Car - Speed:   2.8; Angle: 283.3; Position:  8,16; Key:  4; Health: 100.0; Tile: ROAD
2018-05-17 13:44:47 INFO  Car - Speed:   2.8; Angle: 280.0; Position:  8,16; Key:  4; Health: 100.0; Tile: ROAD
2018-05-17 13:44:47 INFO  Car - Speed:   2.7; Angle: 276.7; Position:  8,16; Key:  4; Health: 100.0; Tile: ROAD
2018-05-17 13:44:47 INFO  Car - Speed:   2.7; Angle: 273.3; Position:  8,16; Key:  4; Health: 100.0; Tile: ROAD
2018-05-17 13:44:47 INFO  Car - Speed:   2.7; Angle: 270.0; Position:  8,16; Key:  4; Health: 100.0; Tile: ROAD
2018-05-17 13:44:47 INFO  Car - Speed:   2.8; Angle: 270.0; Position:  8,16; Key:  4; Health: 100.0; Tile: ROAD
2018-05-17 13:44:47 INFO  Car - Speed:   2.8; Angle: 270.0; Position:  8,16; Key:  4; Health: 100.0; Tile: ROAD
2018-05-17 13:44:47 INFO  Car - Speed:   2.8; Angle: 270.0; Position:  8,16; Key:  4; Health: 100.0; Tile: ROAD
2018-05-17 13:44:47 INFO  Car - Speed:   2.9; Angle: 270.0; Position:  8,16; Key:  4; Health: 100.0; Tile: ROAD
2018-05-17 13:44:47 INFO  Car - Speed:   2.9; Angle: 270.0; Position:  8,16; Key:  4; Health: 100.0; Tile: ROAD
2018-05-17 13:44:47 INFO  Car - Speed:   2.9; Angle: 270.0; Position:  8,16; Key:  4; Health: 100.0; Tile: ROAD
2018-05-17 13:44:47 INFO  Car - Speed:   3.0; Angle: 270.0; Position:  8,15; Key:  4; Health: 100.0; Tile: ROAD
2018-05-17 13:44:47 INFO  Car - Speed:   3.0; Angle: 270.0; Position:  8,15; Key:  4; Health: 100.0; Tile: ROAD
2018-05-17 13:44:47 INFO  Car - Speed:   3.0; Angle: 270.0; Position:  8,15; Key:  4; Health: 100.0; Tile: ROAD
2018-05-17 13:44:47 INFO  Car - Speed:   3.0; Angle: 270.0; Position:  8,15; Key:  4; Health: 100.0; Tile: ROAD
2018-05-17 13:44:47 INFO  Car - Speed:   3.0; Angle: 270.0; Position:  8,15; Key:  4; Health: 100.0; Tile: ROAD
2018-05-17 13:44:47 INFO  Car - Speed:   3.0; Angle: 270.0; Position:  8,15; Key:  4; Health: 100.0; Tile: ROAD
2018-05-17 13:44:47 INFO  Car - Speed:   3.0; Angle: 270.0; Position:  8,15; Key:  4; Health: 100.0; Tile: ROAD
2018-05-17 13:44:47 INFO  Car - Speed:   3.0; Angle: 270.0; Position:  8,15; Key:  4; Health: 100.0; Tile: ROAD
2018-05-17 13:44:47 INFO  Car - Speed:   3.0; Angle: 270.0; Position:  8,15; Key:  4; Health: 100.0; Tile: ROAD
2018-05-17 13:44:47 INFO  Car - Speed:   3.0; Angle: 270.0; Position:  8,15; Key:  4; Health: 100.0; Tile: ROAD
2018-05-17 13:44:47 INFO  Car - Speed:   3.0; Angle: 270.0; Position:  8,15; Key:  4; Health: 100.0; Tile: ROAD
2018-05-17 13:44:47 INFO  Car - Speed:   3.0; Angle: 270.0; Position:  8,15; Key:  4; Health: 100.0; Tile: ROAD
2018-05-17 13:44:47 INFO  Car - Speed:   3.0; Angle: 270.0; Position:  8,15; Key:  4; Health: 100.0; Tile: ROAD
2018-05-17 13:44:47 INFO  Car - Speed:   3.0; Angle: 270.0; Position:  8,15; Key:  4; Health: 100.0; Tile: ROAD
2018-05-17 13:44:47 INFO  Car - Speed:   3.0; Angle: 270.0; Position:  8,15; Key:  4; Health: 100.0; Tile: ROAD
2018-05-17 13:44:47 INFO  Car - Speed:   3.0; Angle: 270.0; Position:  8,14; Key:  4; Health: 100.0; Tile: TRAP(lava)
2018-05-17 13:44:48 INFO  Car - Speed:   3.0; Angle: 270.0; Position:  8,14; Key:  3; Health:  99.6; Tile: TRAP(lava)
2018-05-17 13:44:48 INFO  Car - Speed:   3.0; Angle: 270.0; Position:  8,14; Key:  3; Health:  99.1; Tile: TRAP(lava)
2018-05-17 13:44:48 INFO  Car - Speed:   3.0; Angle: 270.0; Position:  8,14; Key:  3; Health:  98.7; Tile: TRAP(lava)
2018-05-17 13:44:48 INFO  Car - Speed:   3.0; Angle: 270.0; Position:  8,14; Key:  3; Health:  98.2; Tile: TRAP(lava)
2018-05-17 13:44:48 INFO  Car - Speed:   3.0; Angle: 270.0; Position:  8,14; Key:  3; Health:  97.8; Tile: TRAP(lava)
2018-05-17 13:44:48 INFO  Car - Speed:   3.0; Angle: 270.0; Position:  8,14; Key:  3; Health:  97.3; Tile: TRAP(lava)
2018-05-17 13:44:48 INFO  Car - Speed:   3.0; Angle: 270.0; Position:  8,14; Key:  3; Health:  96.9; Tile: TRAP(lava)
2018-05-17 13:44:48 INFO  Car - Speed:   3.0; Angle: 270.0; Position:  8,14; Key:  3; Health:  96.4; Tile: TRAP(lava)
2018-05-17 13:44:48 INFO  Car - Speed:   3.0; Angle: 270.0; Position:  8,14; Key:  3; Health:  96.0; Tile: TRAP(lava)
2018-05-17 13:44:48 INFO  Car - Speed:   3.0; Angle: 270.0; Position:  8,14; Key:  3; Health:  95.6; Tile: TRAP(lava)
2018-05-17 13:44:48 INFO  Car - Speed:   3.0; Angle: 270.0; Position:  8,14; Key:  3; Health:  95.1; Tile: TRAP(lava)
2018-05-17 13:44:48 INFO  Car - Speed:   3.0; Angle: 270.0; Position:  8,14; Key:  3; Health:  94.7; Tile: TRAP(lava)
2018-05-17 13:44:48 INFO  Car - Speed:   3.0; Angle: 270.0; Position:  8,14; Key:  3; Health:  94.2; Tile: TRAP(lava)
2018-05-17 13:44:48 INFO  Car - Speed:   3.0; Angle: 270.0; Position:  8,14; Key:  3; Health:  93.8; Tile: TRAP(lava)
2018-05-17 13:44:48 INFO  Car - Speed:   3.0; Angle: 270.0; Position:  8,13; Key:  3; Health:  93.3; Tile: ROAD
2018-05-17 13:44:48 INFO  Car - Speed:   3.0; Angle: 270.0; Position:  8,13; Key:  3; Health:  93.3; Tile: ROAD
2018-05-17 13:44:48 INFO  Car - Speed:   3.0; Angle: 270.0; Position:  8,13; Key:  3; Health:  93.3; Tile: ROAD
2018-05-17 13:44:48 INFO  Car - Speed:   3.0; Angle: 270.0; Position:  8,13; Key:  3; Health:  93.3; Tile: ROAD
2018-05-17 13:44:48 INFO  Car - Speed:   3.0; Angle: 270.0; Position:  8,13; Key:  3; Health:  93.3; Tile: ROAD
2018-05-17 13:44:48 INFO  Car - Speed:   3.0; Angle: 270.0; Position:  8,13; Key:  3; Health:  93.3; Tile: ROAD
2018-05-17 13:44:48 INFO  Car - Speed:   3.0; Angle: 270.0; Position:  8,13; Key:  3; Health:  93.3; Tile: ROAD
2018-05-17 13:44:48 INFO  Car - Speed:   3.0; Angle: 270.0; Position:  8,13; Key:  3; Health:  93.3; Tile: ROAD
2018-05-17 13:44:48 INFO  Car - Speed:   3.0; Angle: 270.0; Position:  8,13; Key:  3; Health:  93.3; Tile: ROAD
2018-05-17 13:44:48 INFO  Car - Speed:   3.0; Angle: 270.0; Position:  8,13; Key:  3; Health:  93.3; Tile: ROAD
2018-05-17 13:44:48 INFO  Car - Speed:   3.0; Angle: 270.0; Position:  8,13; Key:  3; Health:  93.3; Tile: ROAD
2018-05-17 13:44:48 INFO  Car - Speed:   3.0; Angle: 270.0; Position:  8,13; Key:  3; Health:  93.3; Tile: ROAD
2018-05-17 13:44:48 INFO  Car - Speed:   3.0; Angle: 270.0; Position:  8,13; Key:  3; Health:  93.3; Tile: ROAD
2018-05-17 13:44:48 INFO  Car - Speed:   3.0; Angle: 270.0; Position:  8,13; Key:  3; Health:  93.3; Tile: ROAD
2018-05-17 13:44:48 INFO  Car - Speed:   3.0; Angle: 270.0; Position:  8,13; Key:  3; Health:  93.3; Tile: ROAD
2018-05-17 13:44:48 INFO  Car - Speed:   3.0; Angle: 270.0; Position:  8,12; Key:  3; Health:  93.3; Tile: ROAD
2018-05-17 13:44:48 INFO  Car - Speed:   3.0; Angle: 270.0; Position:  8,12; Key:  3; Health:  93.3; Tile: ROAD
2018-05-17 13:44:48 INFO  Car - Speed:   3.0; Angle: 266.7; Position:  8,12; Key:  3; Health:  93.3; Tile: ROAD
2018-05-17 13:44:48 INFO  Car - Speed:   3.0; Angle: 263.3; Position:  8,12; Key:  3; Health:  93.3; Tile: ROAD
2018-05-17 13:44:48 INFO  Car - Speed:   3.0; Angle: 260.0; Position:  8,12; Key:  3; Health:  93.3; Tile: ROAD
2018-05-17 13:44:48 INFO  Car - Speed:   3.0; Angle: 256.7; Position:  8,12; Key:  3; Health:  93.3; Tile: ROAD
2018-05-17 13:44:48 INFO  Car - Speed:   3.0; Angle: 253.3; Position:  8,12; Key:  3; Health:  93.3; Tile: ROAD
2018-05-17 13:44:48 INFO  Car - Speed:   3.0; Angle: 250.0; Position:  8,12; Key:  3; Health:  93.3; Tile: ROAD
2018-05-17 13:44:48 INFO  Car - Speed:   2.9; Angle: 246.7; Position:  8,12; Key:  3; Health:  93.3; Tile: ROAD
2018-05-17 13:44:48 INFO  Car - Speed:   2.9; Angle: 243.3; Position:  8,12; Key:  3; Health:  93.3; Tile: ROAD
2018-05-17 13:44:48 INFO  Car - Speed:   2.9; Angle: 240.0; Position:  8,12; Key:  3; Health:  93.3; Tile: ROAD
2018-05-17 13:44:48 INFO  Car - Speed:   2.9; Angle: 236.7; Position:  7,12; Key:  3; Health:  93.3; Tile: ROAD
2018-05-17 13:44:48 INFO  Car - Speed:   2.9; Angle: 233.3; Position:  7,12; Key:  3; Health:  93.3; Tile: ROAD
2018-05-17 13:44:48 INFO  Car - Speed:   2.9; Angle: 230.0; Position:  7,12; Key:  3; Health:  93.3; Tile: ROAD
2018-05-17 13:44:48 INFO  Car - Speed:   2.9; Angle: 226.7; Position:  7,12; Key:  3; Health:  93.3; Tile: ROAD
2018-05-17 13:44:48 INFO  Car - Speed:   2.9; Angle: 223.3; Position:  7,12; Key:  3; Health:  93.3; Tile: ROAD
2018-05-17 13:44:49 INFO  Car - Speed:   2.9; Angle: 220.0; Position:  7,12; Key:  3; Health:  93.3; Tile: ROAD
2018-05-17 13:44:49 INFO  Car - Speed:   2.8; Angle: 216.7; Position:  7,11; Key:  3; Health:  93.3; Tile: ROAD
2018-05-17 13:44:49 INFO  Car - Speed:   2.8; Angle: 213.3; Position:  7,11; Key:  3; Health:  93.3; Tile: ROAD
2018-05-17 13:44:49 INFO  Car - Speed:   2.8; Angle: 210.0; Position:  7,11; Key:  3; Health:  93.3; Tile: ROAD
2018-05-17 13:44:49 INFO  Car - Speed:   2.8; Angle: 206.7; Position:  7,11; Key:  3; Health:  93.3; Tile: ROAD
2018-05-17 13:44:49 INFO  Car - Speed:   2.8; Angle: 203.3; Position:  7,11; Key:  3; Health:  93.3; Tile: ROAD
2018-05-17 13:44:49 INFO  Car - Speed:   2.8; Angle: 200.0; Position:  7,11; Key:  3; Health:  93.3; Tile: ROAD
2018-05-17 13:44:49 INFO  Car - Speed:   2.8; Angle: 196.7; Position:  7,11; Key:  3; Health:  93.3; Tile: ROAD
2018-05-17 13:44:49 INFO  Car - Speed:   2.8; Angle: 193.3; Position:  7,11; Key:  3; Health:  93.3; Tile: ROAD
2018-05-17 13:44:49 INFO  Car - Speed:   2.8; Angle: 190.0; Position:  7,11; Key:  3; Health:  93.3; Tile: ROAD
2018-05-17 13:44:49 INFO  Car - Speed:   2.7; Angle: 186.7; Position:  7,11; Key:  3; Health:  93.3; Tile: ROAD
2018-05-17 13:44:49 INFO  Car - Speed:   2.7; Angle: 183.3; Position:  7,11; Key:  3; Health:  93.3; Tile: ROAD
2018-05-17 13:44:49 INFO  Car - Speed:   2.7; Angle: 180.0; Position:  7,11; Key:  3; Health:  93.3; Tile: ROAD
2018-05-17 13:44:49 INFO  Car - Speed:   2.8; Angle: 180.0; Position:  7,11; Key:  3; Health:  93.3; Tile: ROAD
2018-05-17 13:44:49 INFO  Car - Speed:   2.8; Angle: 180.0; Position:  6,11; Key:  3; Health:  93.3; Tile: ROAD
2018-05-17 13:44:49 INFO  Car - Speed:   2.8; Angle: 180.0; Position:  6,11; Key:  3; Health:  93.3; Tile: ROAD
2018-05-17 13:44:49 INFO  Car - Speed:   2.9; Angle: 180.0; Position:  6,11; Key:  3; Health:  93.3; Tile: ROAD
2018-05-17 13:44:49 INFO  Car - Speed:   2.9; Angle: 180.0; Position:  6,11; Key:  3; Health:  93.3; Tile: ROAD
2018-05-17 13:44:49 INFO  Car - Speed:   2.9; Angle: 180.0; Position:  6,11; Key:  3; Health:  93.3; Tile: ROAD
2018-05-17 13:44:49 INFO  Car - Speed:   3.0; Angle: 180.0; Position:  6,11; Key:  3; Health:  93.3; Tile: ROAD
2018-05-17 13:44:49 INFO  Car - Speed:   3.0; Angle: 180.0; Position:  6,11; Key:  3; Health:  93.3; Tile: ROAD
2018-05-17 13:44:49 INFO  Car - Speed:   3.0; Angle: 180.0; Position:  6,11; Key:  3; Health:  93.3; Tile: ROAD
2018-05-17 13:44:49 INFO  Car - Speed:   3.0; Angle: 180.0; Position:  6,11; Key:  3; Health:  93.3; Tile: ROAD
2018-05-17 13:44:49 INFO  Car - Speed:   3.0; Angle: 180.0; Position:  6,11; Key:  3; Health:  93.3; Tile: ROAD
2018-05-17 13:44:49 INFO  Car - Speed:   3.0; Angle: 180.0; Position:  6,11; Key:  3; Health:  93.3; Tile: ROAD
2018-05-17 13:44:49 INFO  Car - Speed:   3.0; Angle: 180.0; Position:  6,11; Key:  3; Health:  93.3; Tile: ROAD
2018-05-17 13:44:49 INFO  Car - Speed:   3.0; Angle: 180.0; Position:  6,11; Key:  3; Health:  93.3; Tile: ROAD
2018-05-17 13:44:49 INFO  Car - Speed:   3.0; Angle: 180.0; Position:  6,11; Key:  3; Health:  93.3; Tile: ROAD
2018-05-17 13:44:49 INFO  Car - Speed:   3.0; Angle: 180.0; Position:  6,11; Key:  3; Health:  93.3; Tile: ROAD
2018-05-17 13:44:49 INFO  Car - Speed:   3.0; Angle: 180.0; Position:  5,11; Key:  3; Health:  93.3; Tile: ROAD
2018-05-17 13:44:49 INFO  Car - Speed:   3.0; Angle: 180.0; Position:  5,11; Key:  3; Health:  93.3; Tile: ROAD
2018-05-17 13:44:49 INFO  Car - Speed:   3.0; Angle: 180.0; Position:  5,11; Key:  3; Health:  93.3; Tile: ROAD
2018-05-17 13:44:49 INFO  Car - Speed:   3.0; Angle: 180.0; Position:  5,11; Key:  3; Health:  93.3; Tile: ROAD
2018-05-17 13:44:49 INFO  Car - Speed:   3.0; Angle: 180.0; Position:  5,11; Key:  3; Health:  93.3; Tile: ROAD
2018-05-17 13:44:49 INFO  Car - Speed:   3.0; Angle: 180.0; Position:  5,11; Key:  3; Health:  93.3; Tile: ROAD
2018-05-17 13:44:49 INFO  Car - Speed:   3.0; Angle: 180.0; Position:  5,11; Key:  3; Health:  93.3; Tile: ROAD
2018-05-17 13:44:49 INFO  Car - Speed:   3.0; Angle: 180.0; Position:  5,11; Key:  3; Health:  93.3; Tile: ROAD
2018-05-17 13:44:49 INFO  Car - Speed:   3.0; Angle: 180.0; Position:  5,11; Key:  3; Health:  93.3; Tile: ROAD
2018-05-17 13:44:49 INFO  Car - Speed:   3.0; Angle: 180.0; Position:  5,11; Key:  3; Health:  93.3; Tile: ROAD
2018-05-17 13:44:49 INFO  Car - Speed:   3.0; Angle: 180.0; Position:  5,11; Key:  3; Health:  93.3; Tile: ROAD
2018-05-17 13:44:49 INFO  Car - Speed:   3.0; Angle: 180.0; Position:  5,11; Key:  3; Health:  93.3; Tile: ROAD
2018-05-17 13:44:49 INFO  Car - Speed:   3.0; Angle: 180.0; Position:  5,11; Key:  3; Health:  93.3; Tile: ROAD
2018-05-17 13:44:49 INFO  Car - Speed:   3.0; Angle: 180.0; Position:  5,11; Key:  3; Health:  93.3; Tile: ROAD
2018-05-17 13:44:49 INFO  Car - Speed:   3.0; Angle: 180.0; Position:  5,11; Key:  3; Health:  93.3; Tile: ROAD
2018-05-17 13:44:49 INFO  Car - Speed:   3.0; Angle: 180.0; Position:  4,11; Key:  3; Health:  93.3; Tile: ROAD
2018-05-17 13:44:50 INFO  Car - Speed:   3.0; Angle: 180.0; Position:  4,11; Key:  3; Health:  93.3; Tile: ROAD
2018-05-17 13:44:50 INFO  Car - Speed:   3.0; Angle: 183.3; Position:  4,11; Key:  3; Health:  93.3; Tile: ROAD
2018-05-17 13:44:50 INFO  Car - Speed:   3.0; Angle: 186.7; Position:  4,11; Key:  3; Health:  93.3; Tile: ROAD
2018-05-17 13:44:50 INFO  Car - Speed:   2.9; Angle: 190.0; Position:  4,11; Key:  3; Health:  93.3; Tile: ROAD
2018-05-17 13:44:50 INFO  Car - Speed:   2.9; Angle: 193.3; Position:  4,11; Key:  3; Health:  93.3; Tile: ROAD
2018-05-17 13:44:50 INFO  Car - Speed:   2.9; Angle: 196.7; Position:  4,11; Key:  3; Health:  93.3; Tile: ROAD
2018-05-17 13:44:50 INFO  Car - Speed:   2.9; Angle: 200.0; Position:  4,11; Key:  3; Health:  93.3; Tile: ROAD
2018-05-17 13:44:50 INFO  Car - Speed:   2.9; Angle: 203.3; Position:  4,11; Key:  3; Health:  93.3; Tile: ROAD
2018-05-17 13:44:50 INFO  Car - Speed:   2.9; Angle: 206.7; Position:  4,11; Key:  3; Health:  93.3; Tile: ROAD
2018-05-17 13:44:50 INFO  Car - Speed:   2.9; Angle: 210.0; Position:  4,11; Key:  3; Health:  93.3; Tile: ROAD
2018-05-17 13:44:50 INFO  Car - Speed:   2.9; Angle: 213.3; Position:  4,11; Key:  3; Health:  93.3; Tile: ROAD
2018-05-17 13:44:50 INFO  Car - Speed:   2.9; Angle: 216.7; Position:  4,11; Key:  3; Health:  93.3; Tile: ROAD
2018-05-17 13:44:50 INFO  Car - Speed:   2.8; Angle: 220.0; Position:  4,11; Key:  3; Health:  93.3; Tile: ROAD
2018-05-17 13:44:50 INFO  Car - Speed:   2.8; Angle: 223.3; Position:  4,11; Key:  3; Health:  93.3; Tile: ROAD
2018-05-17 13:44:50 INFO  Car - Speed:   2.8; Angle: 226.7; Position:  4,11; Key:  3; Health:  93.3; Tile: ROAD
2018-05-17 13:44:50 INFO  Car - Speed:   2.8; Angle: 230.0; Position:  4,11; Key:  3; Health:  93.3; Tile: ROAD
2018-05-17 13:44:50 INFO  Car - Speed:   2.8; Angle: 233.3; Position:  4,11; Key:  3; Health:  93.3; Tile: ROAD
2018-05-17 13:44:50 INFO  Car - Speed:   2.8; Angle: 236.7; Position:  3,11; Key:  3; Health:  93.3; Tile: ROAD
2018-05-17 13:44:50 INFO  Car - Speed:   2.8; Angle: 240.0; Position:  3,11; Key:  3; Health:  93.3; Tile: ROAD
2018-05-17 13:44:50 INFO  Car - Speed:   2.8; Angle: 243.3; Position:  3,11; Key:  3; Health:  93.3; Tile: ROAD
2018-05-17 13:44:50 INFO  Car - Speed:   2.8; Angle: 246.7; Position:  3,11; Key:  3; Health:  93.3; Tile: ROAD
2018-05-17 13:44:50 INFO  Car - Speed:   2.7; Angle: 250.0; Position:  3,11; Key:  3; Health:  93.3; Tile: ROAD
2018-05-17 13:44:50 INFO  Car - Speed:   2.7; Angle: 253.3; Position:  3,10; Key:  3; Health:  93.3; Tile: ROAD
2018-05-17 13:44:50 INFO  Car - Speed:   2.7; Angle: 256.7; Position:  3,10; Key:  3; Health:  93.3; Tile: ROAD
2018-05-17 13:44:50 INFO  Car - Speed:   2.7; Angle: 260.0; Position:  3,10; Key:  3; Health:  93.3; Tile: ROAD
2018-05-17 13:44:50 INFO  Car - Speed:   2.7; Angle: 263.3; Position:  3,10; Key:  3; Health:  93.3; Tile: ROAD
2018-05-17 13:44:50 INFO  Car - Speed:   2.7; Angle: 266.7; Position:  3,10; Key:  3; Health:  93.3; Tile: ROAD
2018-05-17 13:44:50 INFO  Car - Speed:   2.7; Angle: 270.0; Position:  3,10; Key:  3; Health:  93.3; Tile: ROAD
2018-05-17 13:44:50 INFO  Car - Speed:   2.7; Angle: 270.0; Position:  3,10; Key:  3; Health:  93.3; Tile: ROAD
2018-05-17 13:44:50 INFO  Car - Speed:   2.7; Angle: 270.0; Position:  3,10; Key:  3; Health:  93.3; Tile: ROAD
2018-05-17 13:44:50 INFO  Car - Speed:   2.8; Angle: 270.0; Position:  3,10; Key:  3; Health:  93.3; Tile: ROAD
2018-05-17 13:44:50 INFO  Car - Speed:   2.8; Angle: 270.0; Position:  3,10; Key:  3; Health:  93.3; Tile: ROAD
2018-05-17 13:44:50 INFO  Car - Speed:   2.8; Angle: 270.0; Position:  3,10; Key:  3; Health:  93.3; Tile: ROAD
2018-05-17 13:44:50 INFO  Car - Speed:   2.9; Angle: 270.0; Position:  3,10; Key:  3; Health:  93.3; Tile: ROAD
2018-05-17 13:44:50 INFO  Car - Speed:   2.9; Angle: 270.0; Position:  3,10; Key:  3; Health:  93.3; Tile: ROAD
2018-05-17 13:44:50 INFO  Car - Speed:   2.9; Angle: 270.0; Position:  3,10; Key:  3; Health:  93.3; Tile: ROAD
2018-05-17 13:44:50 INFO  Car - Speed:   3.0; Angle: 270.0; Position:  3,10; Key:  3; Health:  93.3; Tile: ROAD
2018-05-17 13:44:50 INFO  Car - Speed:   3.0; Angle: 270.0; Position:  3,10; Key:  3; Health:  93.3; Tile: ROAD
2018-05-17 13:44:50 INFO  Car - Speed:   3.0; Angle: 270.0; Position:   3,9; Key:  3; Health:  93.3; Tile: ROAD
2018-05-17 13:44:50 INFO  Car - Speed:   3.0; Angle: 270.0; Position:   3,9; Key:  3; Health:  93.3; Tile: ROAD
2018-05-17 13:44:50 INFO  Car - Speed:   3.0; Angle: 270.0; Position:   3,9; Key:  3; Health:  93.3; Tile: ROAD
2018-05-17 13:44:50 INFO  Car - Speed:   3.0; Angle: 270.0; Position:   3,9; Key:  3; Health:  93.3; Tile: ROAD
2018-05-17 13:44:50 INFO  Car - Speed:   3.0; Angle: 270.0; Position:   3,9; Key:  3; Health:  93.3; Tile: ROAD
2018-05-17 13:44:50 INFO  Car - Speed:   3.0; Angle: 270.0; Position:   3,9; Key:  3; Health:  93.3; Tile: ROAD
2018-05-17 13:44:50 INFO  Car - Speed:   3.0; Angle: 270.0; Position:   3,9; Key:  3; Health:  93.3; Tile: ROAD
2018-05-17 13:44:51 INFO  Car - Speed:   3.0; Angle: 270.0; Position:   3,9; Key:  3; Health:  93.3; Tile: ROAD
2018-05-17 13:44:51 INFO  Car - Speed:   3.0; Angle: 270.0; Position:   3,9; Key:  3; Health:  93.3; Tile: ROAD
2018-05-17 13:44:51 INFO  Car - Speed:   3.0; Angle: 270.0; Position:   3,9; Key:  3; Health:  93.3; Tile: ROAD
2018-05-17 13:44:51 INFO  Car - Speed:   3.0; Angle: 270.0; Position:   3,9; Key:  3; Health:  93.3; Tile: ROAD
2018-05-17 13:44:51 INFO  Car - Speed:   3.0; Angle: 270.0; Position:   3,9; Key:  3; Health:  93.3; Tile: ROAD
2018-05-17 13:44:51 INFO  Car - Speed:   3.0; Angle: 270.0; Position:   3,9; Key:  3; Health:  93.3; Tile: ROAD
2018-05-17 13:44:51 INFO  Car - Speed:   3.0; Angle: 270.0; Position:   3,9; Key:  3; Health:  93.3; Tile: ROAD
2018-05-17 13:44:51 INFO  Car - Speed:   3.0; Angle: 270.0; Position:   3,9; Key:  3; Health:  93.3; Tile: ROAD
2018-05-17 13:44:51 INFO  Car - Speed:   3.0; Angle: 270.0; Position:   3,8; Key:  3; Health:  93.3; Tile: TRAP(lava)
2018-05-17 13:44:51 INFO  Car - Speed:   3.0; Angle: 270.0; Position:   3,8; Key:  2; Health:  92.9; Tile: TRAP(lava)
2018-05-17 13:44:51 INFO  Car - Speed:   3.0; Angle: 270.0; Position:   3,8; Key:  2; Health:  92.4; Tile: TRAP(lava)
2018-05-17 13:44:51 INFO  Car - Speed:   3.0; Angle: 270.0; Position:   3,8; Key:  2; Health:  92.0; Tile: TRAP(lava)
2018-05-17 13:44:51 INFO  Car - Speed:   3.0; Angle: 270.0; Position:   3,8; Key:  2; Health:  91.6; Tile: TRAP(lava)
2018-05-17 13:44:51 INFO  Car - Speed:   3.0; Angle: 270.0; Position:   3,8; Key:  2; Health:  91.1; Tile: TRAP(lava)
2018-05-17 13:44:51 INFO  Car - Speed:   3.0; Angle: 270.0; Position:   3,8; Key:  2; Health:  90.7; Tile: TRAP(lava)
2018-05-17 13:44:51 INFO  Car - Speed:   3.0; Angle: 270.0; Position:   3,8; Key:  2; Health:  90.2; Tile: TRAP(lava)
2018-05-17 13:44:51 INFO  Car - Speed:   3.0; Angle: 270.0; Position:   3,8; Key:  2; Health:  89.8; Tile: TRAP(lava)
2018-05-17 13:44:51 INFO  Car - Speed:   3.0; Angle: 270.0; Position:   3,8; Key:  2; Health:  89.3; Tile: TRAP(lava)
2018-05-17 13:44:51 INFO  Car - Speed:   3.0; Angle: 270.0; Position:   3,8; Key:  2; Health:  88.9; Tile: TRAP(lava)
2018-05-17 13:44:51 INFO  Car - Speed:   3.0; Angle: 270.0; Position:   3,8; Key:  2; Health:  88.4; Tile: TRAP(lava)
2018-05-17 13:44:51 INFO  Car - Speed:   3.0; Angle: 270.0; Position:   3,8; Key:  2; Health:  88.0; Tile: TRAP(lava)
2018-05-17 13:44:51 INFO  Car - Speed:   3.0; Angle: 270.0; Position:   3,8; Key:  2; Health:  87.6; Tile: TRAP(lava)
2018-05-17 13:44:51 INFO  Car - Speed:   3.0; Angle: 270.0; Position:   3,8; Key:  2; Health:  87.1; Tile: TRAP(lava)
2018-05-17 13:44:51 INFO  Car - Speed:   3.0; Angle: 270.0; Position:   3,7; Key:  2; Health:  86.7; Tile: ROAD
2018-05-17 13:44:51 INFO  Car - Speed:   3.0; Angle: 270.0; Position:   3,7; Key:  2; Health:  86.7; Tile: ROAD
2018-05-17 13:44:51 INFO  Car - Speed:   3.0; Angle: 270.0; Position:   3,7; Key:  2; Health:  86.7; Tile: ROAD
2018-05-17 13:44:51 INFO  Car - Speed:   3.0; Angle: 270.0; Position:   3,7; Key:  2; Health:  86.7; Tile: ROAD
2018-05-17 13:44:51 INFO  Car - Speed:   3.0; Angle: 270.0; Position:   3,7; Key:  2; Health:  86.7; Tile: ROAD
2018-05-17 13:44:51 INFO  Car - Speed:   3.0; Angle: 270.0; Position:   3,7; Key:  2; Health:  86.7; Tile: ROAD
2018-05-17 13:44:51 INFO  Car - Speed:   3.0; Angle: 270.0; Position:   3,7; Key:  2; Health:  86.7; Tile: ROAD
2018-05-17 13:44:51 INFO  Car - Speed:   3.0; Angle: 270.0; Position:   3,7; Key:  2; Health:  86.7; Tile: ROAD
2018-05-17 13:44:51 INFO  Car - Speed:   3.0; Angle: 270.0; Position:   3,7; Key:  2; Health:  86.7; Tile: ROAD
2018-05-17 13:44:51 INFO  Car - Speed:   3.0; Angle: 270.0; Position:   3,7; Key:  2; Health:  86.7; Tile: ROAD
2018-05-17 13:44:51 INFO  Car - Speed:   3.0; Angle: 270.0; Position:   3,7; Key:  2; Health:  86.7; Tile: ROAD
2018-05-17 13:44:51 INFO  Car - Speed:   3.0; Angle: 270.0; Position:   3,7; Key:  2; Health:  86.7; Tile: ROAD
2018-05-17 13:44:51 INFO  Car - Speed:   3.0; Angle: 270.0; Position:   3,7; Key:  2; Health:  86.7; Tile: ROAD
2018-05-17 13:44:51 INFO  Car - Speed:   3.0; Angle: 270.0; Position:   3,7; Key:  2; Health:  86.7; Tile: ROAD
2018-05-17 13:44:51 INFO  Car - Speed:   3.0; Angle: 270.0; Position:   3,7; Key:  2; Health:  86.7; Tile: ROAD
2018-05-17 13:44:51 INFO  Car - Speed:   3.0; Angle: 270.0; Position:   3,6; Key:  2; Health:  86.7; Tile: ROAD
2018-05-17 13:44:51 INFO  Car - Speed:   3.0; Angle: 270.0; Position:   3,6; Key:  2; Health:  86.7; Tile: ROAD
2018-05-17 13:44:51 INFO  Car - Speed:   3.0; Angle: 270.0; Position:   3,6; Key:  2; Health:  86.7; Tile: ROAD
2018-05-17 13:44:51 INFO  Car - Speed:   3.0; Angle: 270.0; Position:   3,6; Key:  2; Health:  86.7; Tile: ROAD
2018-05-17 13:44:51 INFO  Car - Speed:   3.0; Angle: 270.0; Position:   3,6; Key:  2; Health:  86.7; Tile: ROAD
2018-05-17 13:44:51 INFO  Car - Speed:   3.0; Angle: 270.0; Position:   3,6; Key:  2; Health:  86.7; Tile: ROAD
2018-05-17 13:44:51 INFO  Car - Speed:   3.0; Angle: 270.0; Position:   3,6; Key:  2; Health:  86.7; Tile: ROAD
2018-05-17 13:44:52 INFO  Car - Speed:   3.0; Angle: 270.0; Position:   3,6; Key:  2; Health:  86.7; Tile: ROAD
2018-05-17 13:44:52 INFO  Car - Speed:   3.0; Angle: 270.0; Position:   3,6; Key:  2; Health:  86.7; Tile: ROAD
2018-05-17 13:44:52 INFO  Car - Speed:   3.0; Angle: 270.0; Position:   3,6; Key:  2; Health:  86.7; Tile: ROAD
2018-05-17 13:44:52 INFO  Car - Speed:   3.0; Angle: 270.0; Position:   3,6; Key:  2; Health:  86.7; Tile: ROAD
2018-05-17 13:44:52 INFO  Car - Speed:   3.0; Angle: 270.0; Position:   3,6; Key:  2; Health:  86.7; Tile: ROAD
2018-05-17 13:44:52 INFO  Car - Speed:   3.0; Angle: 270.0; Position:   3,6; Key:  2; Health:  86.7; Tile: ROAD
2018-05-17 13:44:52 INFO  Car - Speed:   3.0; Angle: 270.0; Position:   3,6; Key:  2; Health:  86.7; Tile: ROAD
2018-05-17 13:44:52 INFO  Car - Speed:   3.0; Angle: 270.0; Position:   3,6; Key:  2; Health:  86.7; Tile: ROAD
2018-05-17 13:44:52 INFO  Car - Speed:   3.0; Angle: 270.0; Position:   3,5; Key:  2; Health:  86.7; Tile: ROAD
2018-05-17 13:44:52 INFO  Car - Speed:   3.0; Angle: 270.0; Position:   3,5; Key:  2; Health:  86.7; Tile: ROAD
2018-05-17 13:44:52 INFO  Car - Speed:   3.0; Angle: 270.0; Position:   3,5; Key:  2; Health:  86.7; Tile: ROAD
2018-05-17 13:44:52 INFO  Car - Speed:   3.0; Angle: 270.0; Position:   3,5; Key:  2; Health:  86.7; Tile: ROAD
2018-05-17 13:44:52 INFO  Car - Speed:   3.0; Angle: 270.0; Position:   3,5; Key:  2; Health:  86.7; Tile: ROAD
2018-05-17 13:44:52 INFO  Car - Speed:   3.0; Angle: 270.0; Position:   3,5; Key:  2; Health:  86.7; Tile: ROAD
2018-05-17 13:44:52 INFO  Car - Speed:   3.0; Angle: 270.0; Position:   3,5; Key:  2; Health:  86.7; Tile: ROAD
2018-05-17 13:44:52 INFO  Car - Speed:   3.0; Angle: 270.0; Position:   3,5; Key:  2; Health:  86.7; Tile: ROAD
2018-05-17 13:44:52 INFO  Car - Speed:   3.0; Angle: 270.0; Position:   3,5; Key:  2; Health:  86.7; Tile: ROAD
2018-05-17 13:44:52 INFO  Car - Speed:   3.0; Angle: 270.0; Position:   3,5; Key:  2; Health:  86.7; Tile: ROAD
2018-05-17 13:44:52 INFO  Car - Speed:   3.0; Angle: 270.0; Position:   3,5; Key:  2; Health:  86.7; Tile: ROAD
2018-05-17 13:44:52 INFO  Car - Speed:   3.0; Angle: 270.0; Position:   3,5; Key:  2; Health:  86.7; Tile: ROAD
2018-05-17 13:44:52 INFO  Car - Speed:   3.0; Angle: 270.0; Position:   3,5; Key:  2; Health:  86.7; Tile: ROAD
2018-05-17 13:44:52 INFO  Car - Speed:   3.0; Angle: 270.0; Position:   3,5; Key:  2; Health:  86.7; Tile: ROAD
2018-05-17 13:44:52 INFO  Car - Speed:   3.0; Angle: 270.0; Position:   3,5; Key:  2; Health:  86.7; Tile: ROAD
2018-05-17 13:44:52 INFO  Car - Speed:   3.0; Angle: 270.0; Position:   3,4; Key:  2; Health:  86.7; Tile: ROAD
2018-05-17 13:44:52 INFO  Car - Speed:   3.0; Angle: 270.0; Position:   3,4; Key:  2; Health:  86.7; Tile: ROAD
2018-05-17 13:44:52 INFO  Car - Speed:   3.0; Angle: 273.3; Position:   3,4; Key:  2; Health:  86.7; Tile: ROAD
2018-05-17 13:44:52 INFO  Car - Speed:   3.0; Angle: 276.7; Position:   3,4; Key:  2; Health:  86.7; Tile: ROAD
2018-05-17 13:44:52 INFO  Car - Speed:   3.0; Angle: 280.0; Position:   3,4; Key:  2; Health:  86.7; Tile: ROAD
2018-05-17 13:44:52 INFO  Car - Speed:   3.0; Angle: 283.3; Position:   3,4; Key:  2; Health:  86.7; Tile: ROAD
2018-05-17 13:44:52 INFO  Car - Speed:   2.9; Angle: 286.7; Position:   3,4; Key:  2; Health:  86.7; Tile: ROAD
2018-05-17 13:44:52 INFO  Car - Speed:   2.9; Angle: 290.0; Position:   3,4; Key:  2; Health:  86.7; Tile: ROAD
2018-05-17 13:44:52 INFO  Car - Speed:   2.9; Angle: 293.3; Position:   3,4; Key:  2; Health:  86.7; Tile: ROAD
2018-05-17 13:44:52 INFO  Car - Speed:   2.9; Angle: 296.7; Position:   3,4; Key:  2; Health:  86.7; Tile: ROAD
2018-05-17 13:44:52 INFO  Car - Speed:   2.9; Angle: 300.0; Position:   3,4; Key:  2; Health:  86.7; Tile: ROAD
2018-05-17 13:44:52 INFO  Car - Speed:   2.9; Angle: 303.3; Position:   4,4; Key:  2; Health:  86.7; Tile: ROAD
2018-05-17 13:44:52 INFO  Car - Speed:   2.9; Angle: 306.7; Position:   4,4; Key:  2; Health:  86.7; Tile: ROAD
2018-05-17 13:44:52 INFO  Car - Speed:   2.9; Angle: 310.0; Position:   4,4; Key:  2; Health:  86.7; Tile: ROAD
2018-05-17 13:44:52 INFO  Car - Speed:   2.9; Angle: 313.3; Position:   4,4; Key:  2; Health:  86.7; Tile: ROAD
2018-05-17 13:44:52 INFO  Car - Speed:   2.8; Angle: 316.7; Position:   4,4; Key:  2; Health:  86.7; Tile: ROAD
2018-05-17 13:44:52 INFO  Car - Speed:   2.8; Angle: 320.0; Position:   4,4; Key:  2; Health:  86.7; Tile: ROAD
2018-05-17 13:44:52 INFO  Car - Speed:   2.8; Angle: 323.3; Position:   4,4; Key:  2; Health:  86.7; Tile: ROAD
2018-05-17 13:44:52 INFO  Car - Speed:   2.8; Angle: 326.7; Position:   4,4; Key:  2; Health:  86.7; Tile: ROAD
2018-05-17 13:44:52 INFO  Car - Speed:   2.8; Angle: 330.0; Position:   4,3; Key:  2; Health:  86.7; Tile: ROAD
2018-05-17 13:44:52 INFO  Car - Speed:   2.8; Angle: 333.3; Position:   4,3; Key:  2; Health:  86.7; Tile: ROAD
2018-05-17 13:44:52 INFO  Car - Speed:   2.8; Angle: 336.7; Position:   4,3; Key:  2; Health:  86.7; Tile: ROAD
2018-05-17 13:44:53 INFO  Car - Speed:   2.8; Angle: 340.0; Position:   4,3; Key:  2; Health:  86.7; Tile: ROAD
2018-05-17 13:44:53 INFO  Car - Speed:   2.8; Angle: 343.3; Position:   4,3; Key:  2; Health:  86.7; Tile: ROAD
2018-05-17 13:44:53 INFO  Car - Speed:   2.7; Angle: 346.7; Position:   4,3; Key:  2; Health:  86.7; Tile: ROAD
2018-05-17 13:44:53 INFO  Car - Speed:   2.7; Angle: 350.0; Position:   4,3; Key:  2; Health:  86.7; Tile: ROAD
2018-05-17 13:44:53 INFO  Car - Speed:   2.7; Angle: 353.3; Position:   4,3; Key:  2; Health:  86.7; Tile: ROAD
2018-05-17 13:44:53 INFO  Car - Speed:   2.7; Angle: 356.7; Position:   4,3; Key:  2; Health:  86.7; Tile: ROAD
2018-05-17 13:44:53 INFO  Car - Speed:   2.7; Angle:   0.0; Position:   4,3; Key:  2; Health:  86.7; Tile: ROAD
2018-05-17 13:44:53 INFO  Car - Speed:   2.7; Angle:   0.0; Position:   4,3; Key:  2; Health:  86.7; Tile: ROAD
2018-05-17 13:44:53 INFO  Car - Speed:   2.7; Angle:   3.3; Position:   5,3; Key:  2; Health:  86.7; Tile: ROAD
2018-05-17 13:44:53 INFO  Car - Speed:   2.7; Angle:   3.3; Position:   5,3; Key:  2; Health:  86.7; Tile: ROAD
2018-05-17 13:44:53 INFO  Car - Speed:   2.7; Angle:   0.0; Position:   5,3; Key:  2; Health:  86.7; Tile: ROAD
2018-05-17 13:44:53 INFO  Car - Speed:   2.7; Angle:   0.0; Position:   5,3; Key:  2; Health:  86.7; Tile: ROAD
2018-05-17 13:44:53 INFO  Car - Speed:   2.8; Angle:   0.0; Position:   5,3; Key:  2; Health:  86.7; Tile: ROAD
2018-05-17 13:44:53 INFO  Car - Speed:   2.8; Angle:   0.0; Position:   5,3; Key:  2; Health:  86.7; Tile: ROAD
2018-05-17 13:44:53 INFO  Car - Speed:   2.8; Angle:   0.0; Position:   5,3; Key:  2; Health:  86.7; Tile: ROAD
2018-05-17 13:44:53 INFO  Car - Speed:   2.9; Angle:   0.0; Position:   5,3; Key:  2; Health:  86.7; Tile: ROAD
2018-05-17 13:44:53 INFO  Car - Speed:   2.9; Angle:   0.0; Position:   5,3; Key:  2; Health:  86.7; Tile: ROAD
2018-05-17 13:44:53 INFO  Car - Speed:   2.9; Angle:   0.0; Position:   5,3; Key:  2; Health:  86.7; Tile: ROAD
2018-05-17 13:44:53 INFO  Car - Speed:   3.0; Angle:   0.0; Position:   5,3; Key:  2; Health:  86.7; Tile: ROAD
2018-05-17 13:44:53 INFO  Car - Speed:   3.0; Angle:   0.0; Position:   5,3; Key:  2; Health:  86.7; Tile: ROAD
2018-05-17 13:44:53 INFO  Car - Speed:   3.0; Angle:   0.0; Position:   5,3; Key:  2; Health:  86.7; Tile: ROAD
2018-05-17 13:44:53 INFO  Car - Speed:   3.0; Angle:   0.0; Position:   5,3; Key:  2; Health:  86.7; Tile: ROAD
2018-05-17 13:44:53 INFO  Car - Speed:   3.0; Angle:   0.0; Position:   5,3; Key:  2; Health:  86.7; Tile: ROAD
2018-05-17 13:44:53 INFO  Car - Speed:   3.0; Angle:   0.0; Position:   6,3; Key:  2; Health:  86.7; Tile: ROAD
2018-05-17 13:44:53 INFO  Car - Speed:   3.0; Angle:   0.0; Position:   6,3; Key:  2; Health:  86.7; Tile: ROAD
2018-05-17 13:44:53 INFO  Car - Speed:   3.0; Angle:   0.0; Position:   6,3; Key:  2; Health:  86.7; Tile: ROAD
2018-05-17 13:44:53 INFO  Car - Speed:   3.0; Angle:   0.0; Position:   6,3; Key:  2; Health:  86.7; Tile: ROAD
2018-05-17 13:44:53 INFO  Car - Speed:   3.0; Angle:   0.0; Position:   6,3; Key:  2; Health:  86.7; Tile: ROAD
2018-05-17 13:44:53 INFO  Car - Speed:   3.0; Angle:   0.0; Position:   6,3; Key:  2; Health:  86.7; Tile: ROAD
2018-05-17 13:44:53 INFO  Car - Speed:   3.0; Angle:   0.0; Position:   6,3; Key:  2; Health:  86.7; Tile: ROAD
2018-05-17 13:44:53 INFO  Car - Speed:   3.0; Angle:   0.0; Position:   6,3; Key:  2; Health:  86.7; Tile: ROAD
2018-05-17 13:44:53 INFO  Car - Speed:   3.0; Angle:   0.0; Position:   6,3; Key:  2; Health:  86.7; Tile: ROAD
2018-05-17 13:44:53 INFO  Car - Speed:   3.0; Angle:   0.0; Position:   6,3; Key:  2; Health:  86.7; Tile: ROAD
2018-05-17 13:44:53 INFO  Car - Speed:   3.0; Angle:   0.0; Position:   6,3; Key:  2; Health:  86.7; Tile: ROAD
2018-05-17 13:44:53 INFO  Car - Speed:   3.0; Angle:   0.0; Position:   6,3; Key:  2; Health:  86.7; Tile: ROAD
2018-05-17 13:44:53 INFO  Car - Speed:   3.0; Angle:   0.0; Position:   6,3; Key:  2; Health:  86.7; Tile: ROAD
2018-05-17 13:44:53 INFO  Car - Speed:   3.0; Angle:   0.0; Position:   6,3; Key:  2; Health:  86.7; Tile: ROAD
2018-05-17 13:44:53 INFO  Car - Speed:   3.0; Angle:   0.0; Position:   6,3; Key:  2; Health:  86.7; Tile: ROAD
2018-05-17 13:44:53 INFO  Car - Speed:   3.0; Angle:   0.0; Position:   7,3; Key:  2; Health:  86.7; Tile: ROAD
2018-05-17 13:44:53 INFO  Car - Speed:   3.0; Angle:   0.0; Position:   7,3; Key:  2; Health:  86.7; Tile: ROAD
2018-05-17 13:44:53 INFO  Car - Speed:   3.0; Angle:   0.0; Position:   7,3; Key:  2; Health:  86.7; Tile: ROAD
2018-05-17 13:44:53 INFO  Car - Speed:   3.0; Angle:   0.0; Position:   7,3; Key:  2; Health:  86.7; Tile: ROAD
2018-05-17 13:44:53 INFO  Car - Speed:   3.0; Angle:   0.0; Position:   7,3; Key:  2; Health:  86.7; Tile: ROAD
2018-05-17 13:44:53 INFO  Car - Speed:   3.0; Angle:   0.0; Position:   7,3; Key:  2; Health:  86.7; Tile: ROAD
2018-05-17 13:44:53 INFO  Car - Speed:   3.0; Angle:   0.0; Position:   7,3; Key:  2; Health:  86.7; Tile: ROAD
2018-05-17 13:44:54 INFO  Car - Speed:   3.0; Angle:   0.0; Position:   7,3; Key:  2; Health:  86.7; Tile: ROAD
2018-05-17 13:44:54 INFO  Car - Speed:   3.0; Angle:   0.0; Position:   7,3; Key:  2; Health:  86.7; Tile: ROAD
2018-05-17 13:44:54 INFO  Car - Speed:   3.0; Angle:   0.0; Position:   7,3; Key:  2; Health:  86.7; Tile: ROAD
2018-05-17 13:44:54 INFO  Car - Speed:   3.0; Angle:   0.0; Position:   7,3; Key:  2; Health:  86.7; Tile: ROAD
2018-05-17 13:44:54 INFO  Car - Speed:   3.0; Angle:   0.0; Position:   7,3; Key:  2; Health:  86.7; Tile: ROAD
2018-05-17 13:44:54 INFO  Car - Speed:   3.0; Angle:   0.0; Position:   7,3; Key:  2; Health:  86.7; Tile: ROAD
2018-05-17 13:44:54 INFO  Car - Speed:   3.0; Angle:   0.0; Position:   7,3; Key:  2; Health:  86.7; Tile: ROAD
2018-05-17 13:44:54 INFO  Car - Speed:   3.0; Angle:   0.0; Position:   7,3; Key:  2; Health:  86.7; Tile: ROAD
2018-05-17 13:44:54 INFO  Car - Speed:   3.0; Angle:   0.0; Position:   8,3; Key:  2; Health:  86.7; Tile: ROAD
2018-05-17 13:44:54 INFO  Car - Speed:   3.0; Angle:   0.0; Position:   8,3; Key:  2; Health:  86.7; Tile: ROAD
2018-05-17 13:44:54 INFO  Car - Speed:   3.0; Angle:   0.0; Position:   8,3; Key:  2; Health:  86.7; Tile: ROAD
2018-05-17 13:44:54 INFO  Car - Speed:   3.0; Angle:   0.0; Position:   8,3; Key:  2; Health:  86.7; Tile: ROAD
2018-05-17 13:44:54 INFO  Car - Speed:   3.0; Angle:   0.0; Position:   8,3; Key:  2; Health:  86.7; Tile: ROAD
2018-05-17 13:44:54 INFO  Car - Speed:   3.0; Angle:   0.0; Position:   8,3; Key:  2; Health:  86.7; Tile: ROAD
2018-05-17 13:44:54 INFO  Car - Speed:   3.0; Angle:   0.0; Position:   8,3; Key:  2; Health:  86.7; Tile: ROAD
2018-05-17 13:44:54 INFO  Car - Speed:   3.0; Angle:   0.0; Position:   8,3; Key:  2; Health:  86.7; Tile: ROAD
2018-05-17 13:44:54 INFO  Car - Speed:   3.0; Angle:   0.0; Position:   8,3; Key:  2; Health:  86.7; Tile: ROAD
2018-05-17 13:44:54 INFO  Car - Speed:   3.0; Angle:   0.0; Position:   8,3; Key:  2; Health:  86.7; Tile: ROAD
2018-05-17 13:44:54 INFO  Car - Speed:   3.0; Angle:   0.0; Position:   8,3; Key:  2; Health:  86.7; Tile: ROAD
2018-05-17 13:44:54 INFO  Car - Speed:   3.0; Angle:   0.0; Position:   8,3; Key:  2; Health:  86.7; Tile: ROAD
2018-05-17 13:44:54 INFO  Car - Speed:   3.0; Angle:   0.0; Position:   8,3; Key:  2; Health:  86.7; Tile: ROAD
2018-05-17 13:44:54 INFO  Car - Speed:   3.0; Angle:   0.0; Position:   8,3; Key:  2; Health:  86.7; Tile: ROAD
2018-05-17 13:44:54 INFO  Car - Speed:   3.0; Angle:   0.0; Position:   8,3; Key:  2; Health:  86.7; Tile: ROAD
2018-05-17 13:44:54 INFO  Car - Speed:   3.0; Angle:   0.0; Position:   9,3; Key:  2; Health:  86.7; Tile: ROAD
2018-05-17 13:44:54 INFO  Car - Speed:   3.0; Angle:   0.0; Position:   9,3; Key:  2; Health:  86.7; Tile: ROAD
2018-05-17 13:44:54 INFO  Car - Speed:   3.0; Angle:   0.0; Position:   9,3; Key:  2; Health:  86.7; Tile: ROAD
2018-05-17 13:44:54 INFO  Car - Speed:   3.0; Angle:   0.0; Position:   9,3; Key:  2; Health:  86.7; Tile: ROAD
2018-05-17 13:44:54 INFO  Car - Speed:   3.0; Angle:   0.0; Position:   9,3; Key:  2; Health:  86.7; Tile: ROAD
2018-05-17 13:44:54 INFO  Car - Speed:   3.0; Angle:   0.0; Position:   9,3; Key:  2; Health:  86.7; Tile: ROAD
2018-05-17 13:44:54 INFO  Car - Speed:   3.0; Angle:   0.0; Position:   9,3; Key:  2; Health:  86.7; Tile: ROAD
2018-05-17 13:44:54 INFO  Car - Speed:   3.0; Angle:   0.0; Position:   9,3; Key:  2; Health:  86.7; Tile: ROAD
2018-05-17 13:44:54 INFO  Car - Speed:   3.0; Angle:   0.0; Position:   9,3; Key:  2; Health:  86.7; Tile: ROAD
2018-05-17 13:44:54 INFO  Car - Speed:   3.0; Angle:   0.0; Position:   9,3; Key:  2; Health:  86.7; Tile: ROAD
2018-05-17 13:44:54 INFO  Car - Speed:   3.0; Angle:   0.0; Position:   9,3; Key:  2; Health:  86.7; Tile: ROAD
2018-05-17 13:44:54 INFO  Car - Speed:   3.0; Angle:   0.0; Position:   9,3; Key:  2; Health:  86.7; Tile: ROAD
2018-05-17 13:44:54 INFO  Car - Speed:   3.0; Angle:   0.0; Position:   9,3; Key:  2; Health:  86.7; Tile: ROAD
2018-05-17 13:44:54 INFO  Car - Speed:   3.0; Angle:   0.0; Position:   9,3; Key:  2; Health:  86.7; Tile: ROAD
2018-05-17 13:44:54 INFO  Car - Speed:   3.0; Angle:   0.0; Position:   9,3; Key:  2; Health:  86.7; Tile: ROAD
2018-05-17 13:44:54 INFO  Car - Speed:   3.0; Angle:   0.0; Position:  10,3; Key:  2; Health:  86.7; Tile: ROAD
2018-05-17 13:44:54 INFO  Car - Speed:   3.0; Angle:   0.0; Position:  10,3; Key:  2; Health:  86.7; Tile: ROAD
2018-05-17 13:44:54 INFO  Car - Speed:   3.0; Angle:   0.0; Position:  10,3; Key:  2; Health:  86.7; Tile: ROAD
2018-05-17 13:44:54 INFO  Car - Speed:   3.0; Angle:   0.0; Position:  10,3; Key:  2; Health:  86.7; Tile: ROAD
2018-05-17 13:44:54 INFO  Car - Speed:   3.0; Angle:   0.0; Position:  10,3; Key:  2; Health:  86.7; Tile: ROAD
2018-05-17 13:44:54 INFO  Car - Speed:   3.0; Angle:   0.0; Position:  10,3; Key:  2; Health:  86.7; Tile: ROAD
2018-05-17 13:44:54 INFO  Car - Speed:   3.0; Angle:   0.0; Position:  10,3; Key:  2; Health:  86.7; Tile: ROAD
2018-05-17 13:44:55 INFO  Car - Speed:   3.0; Angle:   0.0; Position:  10,3; Key:  2; Health:  86.7; Tile: ROAD
2018-05-17 13:44:55 INFO  Car - Speed:   3.0; Angle:   0.0; Position:  10,3; Key:  2; Health:  86.7; Tile: ROAD
2018-05-17 13:44:55 INFO  Car - Speed:   3.0; Angle:   0.0; Position:  10,3; Key:  2; Health:  86.7; Tile: ROAD
2018-05-17 13:44:55 INFO  Car - Speed:   3.0; Angle:   0.0; Position:  10,3; Key:  2; Health:  86.7; Tile: ROAD
2018-05-17 13:44:55 INFO  Car - Speed:   3.0; Angle:   0.0; Position:  10,3; Key:  2; Health:  86.7; Tile: ROAD
2018-05-17 13:44:55 INFO  Car - Speed:   3.0; Angle:   0.0; Position:  10,3; Key:  2; Health:  86.7; Tile: ROAD
2018-05-17 13:44:55 INFO  Car - Speed:   3.0; Angle:   0.0; Position:  10,3; Key:  2; Health:  86.7; Tile: ROAD
2018-05-17 13:44:55 INFO  Car - Speed:   3.0; Angle:   0.0; Position:  10,3; Key:  2; Health:  86.7; Tile: ROAD
2018-05-17 13:44:55 INFO  Car - Speed:   3.0; Angle:   0.0; Position:  11,3; Key:  2; Health:  86.7; Tile: ROAD
2018-05-17 13:44:55 INFO  Car - Speed:   3.0; Angle:   0.0; Position:  11,3; Key:  2; Health:  86.7; Tile: ROAD
2018-05-17 13:44:55 INFO  Car - Speed:   3.0; Angle:   0.0; Position:  11,3; Key:  2; Health:  86.7; Tile: ROAD
2018-05-17 13:44:55 INFO  Car - Speed:   3.0; Angle:   0.0; Position:  11,3; Key:  2; Health:  86.7; Tile: ROAD
2018-05-17 13:44:55 INFO  Car - Speed:   3.0; Angle:   0.0; Position:  11,3; Key:  2; Health:  86.7; Tile: ROAD
2018-05-17 13:44:55 INFO  Car - Speed:   3.0; Angle:   0.0; Position:  11,3; Key:  2; Health:  86.7; Tile: ROAD
2018-05-17 13:44:55 INFO  Car - Speed:   3.0; Angle:   0.0; Position:  11,3; Key:  2; Health:  86.7; Tile: ROAD
2018-05-17 13:44:55 INFO  Car - Speed:   3.0; Angle:   0.0; Position:  11,3; Key:  2; Health:  86.7; Tile: ROAD
2018-05-17 13:44:55 INFO  Car - Speed:   3.0; Angle:   0.0; Position:  11,3; Key:  2; Health:  86.7; Tile: ROAD
2018-05-17 13:44:55 INFO  Car - Speed:   3.0; Angle:   0.0; Position:  11,3; Key:  2; Health:  86.7; Tile: ROAD
2018-05-17 13:44:55 INFO  Car - Speed:   3.0; Angle:   0.0; Position:  11,3; Key:  2; Health:  86.7; Tile: ROAD
2018-05-17 13:44:55 INFO  Car - Speed:   3.0; Angle:   0.0; Position:  11,3; Key:  2; Health:  86.7; Tile: ROAD
2018-05-17 13:44:55 INFO  Car - Speed:   3.0; Angle:   0.0; Position:  11,3; Key:  2; Health:  86.7; Tile: ROAD
2018-05-17 13:44:55 INFO  Car - Speed:   3.0; Angle:   0.0; Position:  11,3; Key:  2; Health:  86.7; Tile: ROAD
2018-05-17 13:44:55 INFO  Car - Speed:   3.0; Angle:   0.0; Position:  11,3; Key:  2; Health:  86.7; Tile: ROAD
2018-05-17 13:44:55 INFO  Car - Speed:   3.0; Angle:   0.0; Position:  12,3; Key:  2; Health:  86.7; Tile: ROAD
2018-05-17 13:44:55 INFO  Car - Speed:   3.0; Angle:   0.0; Position:  12,3; Key:  2; Health:  86.7; Tile: ROAD
2018-05-17 13:44:55 INFO  Car - Speed:   3.0; Angle:   0.0; Position:  12,3; Key:  2; Health:  86.7; Tile: ROAD
2018-05-17 13:44:55 INFO  Car - Speed:   3.0; Angle:   0.0; Position:  12,3; Key:  2; Health:  86.7; Tile: ROAD
2018-05-17 13:44:55 INFO  Car - Speed:   3.0; Angle:   0.0; Position:  12,3; Key:  2; Health:  86.7; Tile: ROAD
2018-05-17 13:44:55 INFO  Car - Speed:   3.0; Angle:   0.0; Position:  12,3; Key:  2; Health:  86.7; Tile: ROAD
2018-05-17 13:44:55 INFO  Car - Speed:   3.0; Angle:   0.0; Position:  12,3; Key:  2; Health:  86.7; Tile: ROAD
2018-05-17 13:44:55 INFO  Car - Speed:   3.0; Angle:   0.0; Position:  12,3; Key:  2; Health:  86.7; Tile: ROAD
2018-05-17 13:44:55 INFO  Car - Speed:   3.0; Angle:   0.0; Position:  12,3; Key:  2; Health:  86.7; Tile: ROAD
2018-05-17 13:44:55 INFO  Car - Speed:   3.0; Angle:   0.0; Position:  12,3; Key:  2; Health:  86.7; Tile: ROAD
2018-05-17 13:44:55 INFO  Car - Speed:   3.0; Angle:   0.0; Position:  12,3; Key:  2; Health:  86.7; Tile: ROAD
2018-05-17 13:44:55 INFO  Car - Speed:   3.0; Angle:   0.0; Position:  12,3; Key:  2; Health:  86.7; Tile: ROAD
2018-05-17 13:44:55 INFO  Car - Speed:   3.0; Angle:   0.0; Position:  12,3; Key:  2; Health:  86.7; Tile: ROAD
2018-05-17 13:44:55 INFO  Car - Speed:   3.0; Angle:   0.0; Position:  12,3; Key:  2; Health:  86.7; Tile: ROAD
2018-05-17 13:44:55 INFO  Car - Speed:   3.0; Angle:   0.0; Position:  12,3; Key:  2; Health:  86.7; Tile: ROAD
2018-05-17 13:44:55 INFO  Car - Speed:   3.0; Angle:   0.0; Position:  13,3; Key:  2; Health:  86.7; Tile: TRAP(lava)
2018-05-17 13:44:55 INFO  Car - Speed:   3.0; Angle:   0.0; Position:  13,3; Key:  2; Health:  86.2; Tile: TRAP(lava)
2018-05-17 13:44:55 INFO  Car - Speed:   3.0; Angle:   0.0; Position:  13,3; Key:  2; Health:  85.8; Tile: TRAP(lava)
2018-05-17 13:44:55 INFO  Car - Speed:   3.0; Angle:   0.0; Position:  13,3; Key:  2; Health:  85.3; Tile: TRAP(lava)
2018-05-17 13:44:55 INFO  Car - Speed:   3.0; Angle:   0.0; Position:  13,3; Key:  2; Health:  84.9; Tile: TRAP(lava)
2018-05-17 13:44:55 INFO  Car - Speed:   3.0; Angle:   0.0; Position:  13,3; Key:  2; Health:  84.4; Tile: TRAP(lava)
2018-05-17 13:44:56 INFO  Car - Speed:   3.0; Angle:   0.0; Position:  13,3; Key:  2; Health:  84.0; Tile: TRAP(lava)
2018-05-17 13:44:56 INFO  Car - Speed:   3.0; Angle:   0.0; Position:  13,3; Key:  2; Health:  83.6; Tile: TRAP(lava)
2018-05-17 13:44:56 INFO  Car - Speed:   3.0; Angle:   0.0; Position:  13,3; Key:  2; Health:  83.1; Tile: TRAP(lava)
2018-05-17 13:44:56 INFO  Car - Speed:   3.0; Angle:   0.0; Position:  13,3; Key:  2; Health:  82.7; Tile: TRAP(lava)
2018-05-17 13:44:56 INFO  Car - Speed:   3.0; Angle:   0.0; Position:  13,3; Key:  2; Health:  82.2; Tile: TRAP(lava)
2018-05-17 13:44:56 INFO  Car - Speed:   3.0; Angle:   0.0; Position:  13,3; Key:  2; Health:  81.8; Tile: TRAP(lava)
2018-05-17 13:44:56 INFO  Car - Speed:   3.0; Angle:   0.0; Position:  13,3; Key:  2; Health:  81.3; Tile: TRAP(lava)
2018-05-17 13:44:56 INFO  Car - Speed:   3.0; Angle:   0.0; Position:  13,3; Key:  2; Health:  80.9; Tile: TRAP(lava)
2018-05-17 13:44:56 INFO  Car - Speed:   3.0; Angle:   0.0; Position:  13,3; Key:  2; Health:  80.4; Tile: TRAP(lava)
2018-05-17 13:44:56 INFO  Car - Speed:   3.0; Angle:   0.0; Position:  14,3; Key:  2; Health:  80.0; Tile: TRAP(lava)
2018-05-17 13:44:56 INFO  Car - Speed:   3.0; Angle:   0.0; Position:  14,3; Key:  2; Health:  79.6; Tile: TRAP(lava)
2018-05-17 13:44:56 INFO  Car - Speed:   3.0; Angle:   0.0; Position:  14,3; Key:  2; Health:  79.1; Tile: TRAP(lava)
2018-05-17 13:44:56 INFO  Car - Speed:   3.0; Angle:   0.0; Position:  14,3; Key:  2; Health:  78.7; Tile: TRAP(lava)
2018-05-17 13:44:56 INFO  Car - Speed:   3.0; Angle:   0.0; Position:  14,3; Key:  2; Health:  78.2; Tile: TRAP(lava)
2018-05-17 13:44:56 INFO  Car - Speed:   3.0; Angle:   0.0; Position:  14,3; Key:  2; Health:  77.8; Tile: TRAP(lava)
2018-05-17 13:44:56 INFO  Car - Speed:   3.0; Angle:   0.0; Position:  14,3; Key:  2; Health:  77.3; Tile: TRAP(lava)
2018-05-17 13:44:56 INFO  Car - Speed:   3.0; Angle:   0.0; Position:  14,3; Key:  2; Health:  76.9; Tile: TRAP(lava)
2018-05-17 13:44:56 INFO  Car - Speed:   3.0; Angle:   0.0; Position:  14,3; Key:  2; Health:  76.4; Tile: TRAP(lava)
2018-05-17 13:44:56 INFO  Car - Speed:   3.0; Angle:   0.0; Position:  14,3; Key:  2; Health:  76.0; Tile: TRAP(lava)
2018-05-17 13:44:56 INFO  Car - Speed:   3.0; Angle:   0.0; Position:  14,3; Key:  2; Health:  75.6; Tile: TRAP(lava)
2018-05-17 13:44:56 INFO  Car - Speed:   3.0; Angle:   0.0; Position:  14,3; Key:  2; Health:  75.1; Tile: TRAP(lava)
2018-05-17 13:44:56 INFO  Car - Speed:   3.0; Angle:   0.0; Position:  14,3; Key:  2; Health:  74.7; Tile: TRAP(lava)
2018-05-17 13:44:56 INFO  Car - Speed:   3.0; Angle:   0.0; Position:  14,3; Key:  2; Health:  74.2; Tile: TRAP(lava)
2018-05-17 13:44:56 INFO  Car - Speed:   3.0; Angle:   0.0; Position:  14,3; Key:  2; Health:  73.8; Tile: TRAP(lava)
2018-05-17 13:44:56 INFO  Car - Speed:   3.0; Angle:   0.0; Position:  15,3; Key:  2; Health:  73.3; Tile: TRAP(lava)
2018-05-17 13:44:56 INFO  Car - Speed:   3.0; Angle:   0.0; Position:  15,3; Key:  2; Health:  72.9; Tile: TRAP(lava)
2018-05-17 13:44:56 INFO  Car - Speed:   3.0; Angle:   3.3; Position:  15,3; Key:  2; Health:  72.4; Tile: TRAP(lava)
2018-05-17 13:44:56 INFO  Car - Speed:   3.0; Angle:   6.7; Position:  15,3; Key:  2; Health:  72.0; Tile: TRAP(lava)
